<?xml version="1.0" encoding="UTF-8"?>
<!-- Generated by org.testng.reporters.JUnitReportReporter -->
<testsuite hostname="DESKTOP-KHFPL78" failures="0" tests="3" name="testrunners.TestRunner" time="36.969" errors="0" timestamp="11 Mar 2025 08:48:56 GMT">
  <testcase classname="testrunners.TestRunner" name="runScenario" time="15.715"/>
  <testcase classname="testrunners.TestRunner" name="runScenario" time="9.633"/>
  <testcase classname="testrunners.TestRunner" name="runScenario" time="11.621"/>
</testsuite> <!-- testrunners.TestRunner -->
